\BOOKMARK [1][-]{section*.1}{\376\377\000T\000a\000b\000l\000e\000\040\000d\000e\000s\000\040\000m\000a\000t\000i\000\350\000r\000e\000s}{}% 1
\BOOKMARK [1][-]{section*.2}{\376\377\000L\000i\000s\000t\000e\000\040\000d\000e\000s\000\040\000t\000a\000b\000l\000e\000a\000u\000x}{}% 2
\BOOKMARK [1][-]{section*.3}{\376\377\000L\000i\000s\000t\000e\000\040\000d\000e\000s\000\040\000f\000i\000g\000u\000r\000e\000s}{}% 3
\BOOKMARK [1][-]{section*.4}{\376\377\000I\000n\000t\000r\000o\000d\000u\000c\000t\000i\000o\000n}{}% 4
\BOOKMARK [2][-]{section*.5}{\376\377\000C\000o\000n\000t\000e\000x\000t\000e\000\040\000e\000t\000\040\000p\000r\000o\000b\000l\000\351\000m\000a\000t\000i\000q\000u\000e}{section*.4}% 5
\BOOKMARK [1][-]{section*.6}{\376\377\000M\000a\000t\000\351\000r\000i\000e\000l}{}% 6
\BOOKMARK [2][-]{section*.7}{\376\377\000L\000i\000e\000u\000\040\000d\000'\000\351\000t\000u\000d\000e}{section*.6}% 7
\BOOKMARK [2][-]{section*.8}{\376\377\000P\000l\000a\000n\000\040\000d\000'\000\351\000c\000h\000a\000n\000t\000i\000l\000l\000o\000n\000n\000a\000g\000e}{section*.6}% 8
\BOOKMARK [2][-]{section*.9}{\376\377\000T\000a\000b\000l\000e\000a\000u\000x\000\040\000d\000e\000\040\000d\000o\000n\000n\000\351\000e\000s}{section*.6}% 9
\BOOKMARK [3][-]{section*.10}{\376\377\000A\000r\000b\000r\000e\000s\000\040\000i\000n\000v\000e\000n\000t\000o\000r\000i\000\351\000s}{section*.9}% 10
\BOOKMARK [3][-]{section*.11}{\376\377\000P\000l\000a\000c\000e\000t\000t\000e\000s\000\040\000f\000o\000r\000e\000s\000t\000i\000\350\000r\000e\000s}{section*.9}% 11
\BOOKMARK [3][-]{section*.12}{\376\377\000A\000b\000o\000n\000d\000a\000n\000c\000e\000s\000\040\000d\000'\000e\000s\000p\000\350\000c\000e\000s\000\040\000d\000'\000a\000r\000b\000r\000e\000s}{section*.9}% 12
\BOOKMARK [3][-]{section*.13}{\376\377\000V\000a\000r\000i\000a\000b\000l\000e\000s\000\040\000t\000o\000p\000o\000g\000r\000a\000p\000h\000i\000q\000u\000e\000s}{section*.9}% 13
\BOOKMARK [1][-]{section*.14}{\376\377\000M\000\351\000t\000h\000o\000d\000e\000s}{}% 14
\BOOKMARK [2][-]{section*.15}{\376\377\000T\000r\000a\000n\000s\000f\000o\000r\000m\000a\000t\000i\000o\000n\000\040\000d\000e\000s\000\040\000d\000o\000n\000n\000\351\000e\000s\000\040\000d\000'\000a\000r\000b\000r\000e\000s}{section*.14}% 15
\BOOKMARK [2][-]{section*.16}{\376\377\000G\000r\000o\000u\000p\000e\000m\000e\000n\000t\000\040\000e\000n\000\040\000c\000o\000m\000m\000u\000n\000a\000u\000t\000\351\000s\000\040\000\351\000c\000o\000f\000o\000r\000e\000s\000t\000i\000\350\000r\000e\000s}{section*.14}% 16
\BOOKMARK [2][-]{section*.17}{\376\377\000O\000r\000d\000i\000n\000a\000t\000i\000o\000n\000\040\000s\000i\000m\000p\000l\000e\000\040\000\050\000a\000n\000a\000l\000y\000s\000e\000\040\000e\000n\000\040\000c\000o\000m\000p\000o\000s\000a\000n\000t\000e\000s\000\040\000p\000r\000i\000n\000c\000i\000p\000a\000l\000e\000s\000\051}{section*.14}% 17
\BOOKMARK [2][-]{section*.18}{\376\377\000O\000r\000d\000i\000n\000a\000t\000i\000o\000n\000\040\000c\000a\000n\000o\000n\000i\000q\000u\000e\000\040\000\050\000a\000n\000a\000l\000y\000s\000e\000\040\000d\000e\000\040\000r\000e\000d\000o\000n\000d\000a\000n\000c\000e\000\051}{section*.14}% 18
\BOOKMARK [1][-]{section*.19}{\376\377\000R\000\351\000s\000u\000l\000t\000a\000t\000s}{}% 19
\BOOKMARK [2][-]{section*.20}{\376\377\000G\000r\000o\000u\000p\000e\000m\000e\000n\000t\000\040\000e\000n\000\040\000c\000o\000m\000m\000u\000n\000a\000u\000t\000\351\000s\000\040\000\351\000c\000o\000f\000o\000r\000e\000s\000t\000i\000\350\000r\000e\000s}{section*.19}% 20
\BOOKMARK [2][-]{section*.21}{\376\377\000O\000r\000d\000i\000n\000a\000t\000i\000o\000n\000\040\000s\000i\000m\000p\000l\000e}{section*.19}% 21
\BOOKMARK [2][-]{section*.22}{\376\377\000O\000r\000d\000i\000n\000a\000t\000i\000o\000n\000\040\000c\000a\000n\000o\000n\000i\000q\000u\000e}{section*.19}% 22
\BOOKMARK [1][-]{section*.23}{\376\377\000R\000\351\000f\000\351\000r\000e\000n\000c\000e\000s}{}% 23
\BOOKMARK [1][-]{section*.24}{\376\377\000A\000n\000n\000e\000x\000e\000\040\0001\000\040\000:\000\040\000F\000i\000g\000u\000r\000e\000s\000\040\000s\000u\000p\000p\000l\000\351\000m\000e\000n\000t\000a\000i\000r\000e\000s}{}% 24
